<?xml version="1.0" encoding="UTF-8"?>
<!-- Generated by org.testng.reporters.JUnitXMLReporter -->
<testsuite hostname="DESKTOP-5R4M8HH" ignored="0" name="Test" tests="4" failures="0" timestamp="02 May 2019 00:39:02 GMT" time="0.048" errors="0">
  <testcase name="IosAppr" time="0.008" classname="TestCases.AppiumTest"/>
  <testcase name="NativeApp" time="0.001" classname="TestCases.AppiumTest"/>
  <testcase name="BrowserAutomation" time="0.0" classname="TestCases.SeleniumTest"/>
  <testcase name="elementsUi" time="0.001" classname="TestCases.SeleniumTest"/>
</testsuite> <!-- Test -->
