<?xml version="1.0" encoding="UTF-8"?>
<testng-results skipped="0" failed="0" ignored="0" total="4" passed="4">
  <reporter-output>
  </reporter-output>
  <suite name="Suite" duration-ms="48" started-at="2019-05-02T00:39:02Z" finished-at="2019-05-02T00:39:02Z">
    <groups>
    </groups>
    <test name="Test" duration-ms="48" started-at="2019-05-02T00:39:02Z" finished-at="2019-05-02T00:39:02Z">
      <class name="TestCases.SeleniumTest">
        <test-method status="PASS" signature="BrowserAutomation()[pri:0, instance:TestCases.SeleniumTest@13969fbe]" name="BrowserAutomation" duration-ms="0" started-at="2019-05-02T00:39:02Z" finished-at="2019-05-02T00:39:02Z">
          <reporter-output>
          </reporter-output>
        </test-method> <!-- BrowserAutomation -->
        <test-method status="PASS" signature="elementsUi()[pri:0, instance:TestCases.SeleniumTest@13969fbe]" name="elementsUi" duration-ms="1" started-at="2019-05-02T00:39:02Z" finished-at="2019-05-02T00:39:02Z">
          <reporter-output>
          </reporter-output>
        </test-method> <!-- elementsUi -->
      </class> <!-- TestCases.SeleniumTest -->
      <class name="TestCases.AppiumTest">
        <test-method status="PASS" signature="IosAppr()[pri:0, instance:TestCases.AppiumTest@22f71333]" name="IosAppr" duration-ms="8" started-at="2019-05-02T00:39:02Z" finished-at="2019-05-02T00:39:02Z">
          <reporter-output>
          </reporter-output>
        </test-method> <!-- IosAppr -->
        <test-method status="PASS" signature="NativeApp()[pri:0, instance:TestCases.AppiumTest@22f71333]" name="NativeApp" duration-ms="1" started-at="2019-05-02T00:39:02Z" finished-at="2019-05-02T00:39:02Z">
          <reporter-output>
          </reporter-output>
        </test-method> <!-- NativeApp -->
      </class> <!-- TestCases.AppiumTest -->
    </test> <!-- Test -->
  </suite> <!-- Suite -->
</testng-results>
